<?xml version="1.0" encoding="UTF-8"?>
<testng-results skipped="0" failed="0" ignored="0" total="1" passed="1">
  <reporter-output>
  </reporter-output>
  <suite name="Default suite" duration-ms="19690" started-at="2020-08-12T00:26:53 IST" finished-at="2020-08-12T00:27:13 IST">
    <groups>
    </groups>
    <test name="Default test" duration-ms="19690" started-at="2020-08-12T00:26:53 IST" finished-at="2020-08-12T00:27:13 IST">
      <class name="Test.SampleProject">
        <test-method status="PASS" signature="OpenChromeDriver()[pri:0, instance:Test.SampleProject@49fc609f]" name="OpenChromeDriver" duration-ms="19640" started-at="2020-08-12T00:26:53 IST" finished-at="2020-08-12T00:27:13 IST">
          <reporter-output>
          </reporter-output>
        </test-method> <!-- OpenChromeDriver -->
      </class> <!-- Test.SampleProject -->
    </test> <!-- Default test -->
  </suite> <!-- Default suite -->
</testng-results>
